#
# A fatal error has been detected by the Java Runtime Environment:
#
#  EXCEPTION_ACCESS_VIOLATION (0xc0000005) at pc=0x0000000074b26907, pid=12900, tid=0x000000000000260c
#
# JRE version: Java(TM) SE Runtime Environment (8.0_101-b13) (build 1.8.0_101-b13)
# Java VM: Java HotSpot(TM) 64-Bit Server VM (25.101-b13 mixed mode windows-amd64 compressed oops)
# Problematic frame:
# V  [jvm.dll+0x146907]
#
# Failed to write core dump. Minidumps are not enabled by default on client versions of Windows
#
# If you would like to submit a bug report, please visit:
#   http://bugreport.java.com/bugreport/crash.jsp
#

---------------  T H R E A D  ---------------

Current thread (0x00000000128a6000):  JavaThread "pool-18-thread-5" [_thread_in_vm, id=9740, stack(0x0000000029120000,0x0000000029220000)]

siginfo: ExceptionCode=0xc0000005, reading address 0xffffffffffffffff

Registers:
RAX=0x006a006f00720050, RBX=0x000000000ebd4250, RCX=0x00000000f63b8380, RDX=0x00000000128a6000
RSP=0x000000002921d6c0, RBP=0x00000000128a6000, RSI=0x006a006f00720050, RDI=0x000000000ec51de0
R8 =0x0000000000000033, R9 =0x00007ff8a0172700, R10=0x000000000ec51de0, R11=0x00000000e1e48e8b
R12=0x0000000000000000, R13=0x00007ff8aedc4514, R14=0x00007ff8aedc44e0, R15=0x00000000128a6000
RIP=0x0000000074b26907, EFLAGS=0x0000000000010202

Top of Stack: (sp=0x000000002921d6c0)
0x000000002921d6c0:   000000000ebd4250 0000000013774af0
0x000000002921d6d0:   000000010281e5d0 000000000272d410
0x000000002921d6e0:   000000002921d6f8 0000808000800080
0x000000002921d6f0:   00808080e1e48e8b 0000000300000001
0x000000002921d700:   000000002725ad88 00000000128a6000
0x000000002921d710:   00000000128a6000 0000000000000000
0x000000002921d720:   000000002921d7e0 00007ff8cae4888e
0x000000002921d730:   000000002921d8c8 00000000272566f8
0x000000002921d740:   0000000000000000 000000002921d8b8
0x000000002921d750:   000000002921d8b8 00007ff8aedc26bc
0x000000002921d760:   00000000d10bdbf0 00000000128a61f8
0x000000002921d770:   000000002921d7e0 0080800000008000
0x000000002921d780:   00000000128a61f8 00007ff8aedc272b
0x000000002921d790:   00ff000000808080 00ffff000000ff00
0x000000002921d7a0:   00ff00ff000000ff 00ffffff0000ffff
0x000000002921d7b0:   000000002921d7e0 00007ff8aedc1605 

Instructions: (pc=0x0000000074b26907)
0x0000000074b268e7:   48 85 db 0f 84 d5 02 00 00 48 85 c0 0f 84 cc 02
0x0000000074b268f7:   00 00 48 8b 0e e8 af 1c f2 ff 48 8b d5 48 8b f0
0x0000000074b26907:   48 8b 00 48 8b ce ff 90 90 00 00 00 4c 39 65 08
0x0000000074b26917:   0f 84 96 00 00 00 48 8b cf e8 8b 42 ff ff 48 8b 


Register to memory mapping:

RAX=0x006a006f00720050 is an unknown value
RBX=0x000000000ebd4250 is an unknown value
RCX=0x00000000f63b8380 is an oop
java.lang.String 
 - klass: 'java/lang/String'
RDX=0x00000000128a6000 is a thread
RSP=0x000000002921d6c0 is pointing into the stack for thread: 0x00000000128a6000
RBP=0x00000000128a6000 is a thread
RSI=0x006a006f00720050 is an unknown value
RDI=0x000000000ec51de0 is an unknown value
R8 =0x0000000000000033 is an unknown value
R9 =0x00007ff8a0172700 is an unknown value
R10=0x000000000ec51de0 is an unknown value
R11=0x00000000e1e48e8b is pointing into object: 0x00000000e1e48e80
sbt.Task 
 - klass: 'sbt/Task'
R12=0x0000000000000000 is an unknown value
R13=0x00007ff8aedc4514 is an unknown value
R14=0x00007ff8aedc44e0 is an unknown value
R15=0x00000000128a6000 is a thread


Stack: [0x0000000029120000,0x0000000029220000],  sp=0x000000002921d6c0,  free space=1013k
Native frames: (J=compiled Java code, j=interpreted, Vv=VM code, C=native code)
V  [jvm.dll+0x146907]
C  [jansi-64-7132561184863689006.dll+0x26bc]
C  [jansi-64-7132561184863689006.dll+0x272b]
C  [jansi-64-7132561184863689006.dll+0x1605]
C  0x0000000002897f54

Java frames: (J=compiled Java code, j=interpreted, Vv=VM code)
j  org.fusesource.jansi.internal.Kernel32.GetConsoleScreenBufferInfo(JLorg/fusesource/jansi/internal/Kernel32$CONSOLE_SCREEN_BUFFER_INFO;)I+0
j  org.fusesource.jansi.WindowsAnsiOutputStream.getConsoleInfo()V+14
j  org.fusesource.jansi.WindowsAnsiOutputStream.<init>(Ljava/io/OutputStream;)V+27
v  ~StubRoutines::call_stub
J 2640  sun.reflect.NativeConstructorAccessorImpl.newInstance0(Ljava/lang/reflect/Constructor;[Ljava/lang/Object;)Ljava/lang/Object; (0 bytes) @ 0x0000000003013766 [0x0000000003013700+0x66]
J 2639 C1 sun.reflect.NativeConstructorAccessorImpl.newInstance([Ljava/lang/Object;)Ljava/lang/Object; (89 bytes) @ 0x0000000003014c14 [0x0000000003013bc0+0x1054]
J 23838 C2 java.lang.reflect.Constructor.newInstance([Ljava/lang/Object;)Ljava/lang/Object; (87 bytes) @ 0x0000000005af6ed8 [0x0000000005af6c60+0x278]
j  org.apache.logging.log4j.core.appender.ConsoleAppender.getOutputStream(ZZLorg/apache/logging/log4j/core/appender/ConsoleAppender$Target;)Ljava/io/OutputStream;+219
j  org.apache.logging.log4j.core.appender.ConsoleAppender.getDefaultManager(Lorg/apache/logging/log4j/core/appender/ConsoleAppender$Target;ZZLorg/apache/logging/log4j/core/Layout;)Lorg/apache/logging/log4j/core/appender/OutputStreamManager;+3
j  org.apache.logging.log4j.core.appender.ConsoleAppender.createDefaultAppenderForLayout(Lorg/apache/logging/log4j/core/Layout;)Lorg/apache/logging/log4j/core/appender/ConsoleAppender;+36
j  org.apache.logging.log4j.core.config.AbstractConfiguration.setToDefault()V+48
j  org.apache.logging.log4j.core.config.DefaultConfiguration.<init>()V+9
j  org.apache.logging.log4j.core.layout.PatternLayout$Builder.build()Lorg/apache/logging/log4j/core/layout/PatternLayout;+12
j  org.apache.logging.log4j.core.layout.PatternLayout.createDefaultLayout()Lorg/apache/logging/log4j/core/layout/PatternLayout;+3
j  sbt.internal.util.BufferedAppender.<init>(Ljava/lang/String;Lorg/apache/logging/log4j/core/Appender;)V+8
j  sbt.internal.util.BufferedAppender$.apply(Ljava/lang/String;Lorg/apache/logging/log4j/core/Appender;)Lsbt/internal/util/BufferedAppender;+6
j  sbt.internal.testing.TestLogger$.$anonfun$make$1(Lscala/Tuple2;)Lsbt/internal/util/BufferedAppender;+24
j  sbt.internal.testing.TestLogger$$$Lambda$3021.apply(Ljava/lang/Object;)Ljava/lang/Object;+4
J 4404 C2 scala.collection.TraversableLike$$Lambda$41.apply(Ljava/lang/Object;)Ljava/lang/Object; (13 bytes) @ 0x00000000033be108 [0x00000000033be0c0+0x48]
J 6128 C2 scala.collection.AbstractIterator.foreach(Lscala/Function1;)V (6 bytes) @ 0x000000000363191c [0x00000000036318a0+0x7c]
J 6149 C2 scala.collection.AbstractIterable.foreach(Lscala/Function1;)V (6 bytes) @ 0x00000000036322f8 [0x00000000036322a0+0x58]
J 9537 C2 scala.collection.AbstractTraversable.map(Lscala/Function1;Lscala/collection/generic/CanBuildFrom;)Ljava/lang/Object; (7 bytes) @ 0x0000000003cd3550 [0x0000000003cd3460+0xf0]
j  sbt.internal.testing.TestLogger$.makePerTest$1(Lsbt/TestDefinition;Lscala/Function1;)Lsbt/ContentLogger;+62
j  sbt.internal.testing.TestLogger$.$anonfun$make$7(Lsbt/internal/testing/TestLogger$;Lscala/Function1;Lsbt/TestDefinition;)Lsbt/ContentLogger;+3
j  sbt.internal.testing.TestLogger$$$Lambda$2402.apply(Ljava/lang/Object;)Ljava/lang/Object;+12
j  sbt.internal.testing.TestLogger.contentLogger(Lsbt/TestDefinition;)Lscala/Option;+12
j  sbt.TestRunner.$anonfun$run$2(Lsbt/TestDefinition;Lsbt/TestReportListener;)Lscala/collection/Iterable;+5
j  sbt.TestRunner$$Lambda$3010.apply(Ljava/lang/Object;)Ljava/lang/Object;+8
J 4332 C2 scala.collection.TraversableLike$$Lambda$56.apply(Ljava/lang/Object;)Ljava/lang/Object; (13 bytes) @ 0x00000000033d03c8 [0x00000000033d0380+0x48]
J 6128 C2 scala.collection.AbstractIterator.foreach(Lscala/Function1;)V (6 bytes) @ 0x000000000363191c [0x00000000036318a0+0x7c]
J 6149 C2 scala.collection.AbstractIterable.foreach(Lscala/Function1;)V (6 bytes) @ 0x00000000036322f8 [0x00000000036322a0+0x58]
J 28920 C1 scala.collection.AbstractTraversable.flatMap(Lscala/Function1;Lscala/collection/generic/CanBuildFrom;)Ljava/lang/Object; (7 bytes) @ 0x00000000065ab224 [0x00000000065aaae0+0x744]
j  sbt.TestRunner.runTest$1(Lsbt/testing/Task;Lsbt/TestDefinition;)Lscala/Tuple2;+35
j  sbt.TestRunner.run(Lsbt/testing/TaskDef;Lsbt/testing/Task;)Lscala/Tuple2;+60
j  sbt.TestFramework$$anon$2$$anonfun$$lessinit$greater$1.$anonfun$apply$1(Lsbt/TestFramework$$anon$2$$anonfun$$lessinit$greater$1;Lsbt/TestRunner;)Lscala/Tuple2;+9
j  sbt.TestFramework$$anon$2$$anonfun$$lessinit$greater$1$$Lambda$2996.apply()Ljava/lang/Object;+8
j  sbt.TestFramework$.sbt$TestFramework$$withContextLoader(Ljava/lang/ClassLoader;Lscala/Function0;)Ljava/lang/Object;+15
j  sbt.TestFramework$$anon$2$$anonfun$$lessinit$greater$1.apply(Lsbt/TestRunner;)Lscala/Tuple2;+14
j  sbt.TestFramework$$anon$2$$anonfun$$lessinit$greater$1.apply(Ljava/lang/Object;)Ljava/lang/Object;+5
j  sbt.TestFunction.apply()Lscala/Tuple2;+8
j  sbt.Tests$.$anonfun$toTask$1(Ljava/lang/String;Lsbt/TestFunction;)Lscala/Tuple2;+6
j  sbt.Tests$$$Lambda$2976.apply()Ljava/lang/Object;+8
J 28356 C1 sbt.std.Transform$$anon$3$$Lambda$1816.apply(Ljava/lang/Object;)Ljava/lang/Object; (12 bytes) @ 0x000000000304857c [0x0000000003048280+0x2fc]
J 7900 C1 sbt.Execute.$anonfun$submit$2(Lsbt/Node;Ljava/lang/Object;)Lscala/util/Either; (8 bytes) @ 0x000000000398c74c [0x000000000398c5e0+0x16c]
J 26343 C2 java.util.concurrent.FutureTask.run()V (126 bytes) @ 0x00000000060e60c8 [0x00000000060e5d40+0x388]
j  java.util.concurrent.ThreadPoolExecutor.runWorker(Ljava/util/concurrent/ThreadPoolExecutor$Worker;)V+95
j  java.util.concurrent.ThreadPoolExecutor$Worker.run()V+5
j  java.lang.Thread.run()V+11
v  ~StubRoutines::call_stub

---------------  P R O C E S S  ---------------

Java Threads: ( => current thread )
  0x00000000187b4000 JavaThread "Timer-6" [_thread_blocked, id=7980, stack(0x0000000029820000,0x0000000029920000)]
  0x00000000187b3000 JavaThread "ScalaTest-dispatcher" [_thread_blocked, id=4068, stack(0x0000000029720000,0x0000000029820000)]
  0x00000000187ba000 JavaThread "scala-execution-context-global-229" daemon [_thread_blocked, id=4164, stack(0x0000000029520000,0x0000000029620000)]
  0x00000000128a1800 JavaThread "scala-execution-context-global-228" daemon [_thread_blocked, id=10152, stack(0x0000000029420000,0x0000000029520000)]
  0x00000000128a0800 JavaThread "scala-execution-context-global-227" daemon [_thread_blocked, id=14120, stack(0x0000000029320000,0x0000000029420000)]
  0x00000000128a0000 JavaThread "pool-18-thread-6" [_thread_blocked, id=9800, stack(0x0000000029220000,0x0000000029320000)]
=>0x00000000128a6000 JavaThread "pool-18-thread-5" [_thread_in_vm, id=9740, stack(0x0000000029120000,0x0000000029220000)]
  0x00000000128a5000 JavaThread "pool-18-thread-4" [_thread_in_vm, id=8752, stack(0x0000000029020000,0x0000000029120000)]
  0x00000000128a4800 JavaThread "pool-18-thread-3" [_thread_blocked, id=11288, stack(0x0000000028f20000,0x0000000029020000)]
  0x00000000128a6800 JavaThread "pool-18-thread-2" [_thread_blocked, id=13560, stack(0x0000000028e20000,0x0000000028f20000)]
  0x00000000128a3000 JavaThread "pool-18-thread-1" [_thread_blocked, id=7636, stack(0x0000000028d20000,0x0000000028e20000)]
  0x00000000187bb800 JavaThread "Timer-5" [_thread_blocked, id=8496, stack(0x0000000027a20000,0x0000000027b20000)]
  0x00000000128a2000 JavaThread "sbt-socket-server" [_thread_in_native, id=13044, stack(0x0000000019d90000,0x0000000019e90000)]
  0x000000000fab4800 JavaThread "Log4j2-TF-1-AsyncLogger[AsyncContext@e45f292]-1" daemon [_thread_blocked, id=11300, stack(0x0000000011d00000,0x0000000011e00000)]
  0x000000000e448800 JavaThread "Service Thread" daemon [_thread_blocked, id=11364, stack(0x000000000e820000,0x000000000e920000)]
  0x000000000caeb800 JavaThread "C1 CompilerThread2" daemon [_thread_blocked, id=13540, stack(0x000000000e320000,0x000000000e420000)]
  0x000000000cae5000 JavaThread "C2 CompilerThread1" daemon [_thread_in_native, id=10456, stack(0x000000000e220000,0x000000000e320000)]
  0x000000000cae3000 JavaThread "C2 CompilerThread0" daemon [_thread_blocked, id=14096, stack(0x000000000e120000,0x000000000e220000)]
  0x000000000cae1800 JavaThread "Attach Listener" daemon [_thread_blocked, id=14084, stack(0x000000000e020000,0x000000000e120000)]
  0x000000000cadf000 JavaThread "Signal Dispatcher" daemon [_thread_blocked, id=7352, stack(0x000000000df20000,0x000000000e020000)]
  0x000000000caca800 JavaThread "Finalizer" daemon [_thread_blocked, id=1780, stack(0x000000000dd30000,0x000000000de30000)]
  0x00000000027d3000 JavaThread "Reference Handler" daemon [_thread_blocked, id=10804, stack(0x000000000dc30000,0x000000000dd30000)]
  0x000000000287e800 JavaThread "main" [_thread_blocked, id=4184, stack(0x0000000002580000,0x0000000002680000)]

Other Threads:
  0x000000000caa8000 VMThread [stack: 0x000000000db30000,0x000000000dc30000] [id=14088]
  0x000000000e46c800 WatcherThread [stack: 0x000000000e920000,0x000000000ea20000] [id=11368]

VM state:not at safepoint (normal execution)

VM Mutex/Monitor currently owned by a thread: None

Heap:
 PSYoungGen      total 136192K, used 37016K [0x00000000f5580000, 0x00000000fff00000, 0x0000000100000000)
  eden space 98816K, 17% used [0x00000000f5580000,0x00000000f665c3c0,0x00000000fb600000)
  from space 37376K, 52% used [0x00000000fb600000,0x00000000fc949c70,0x00000000fda80000)
  to   space 36864K, 0% used [0x00000000fdb00000,0x00000000fdb00000,0x00000000fff00000)
 ParOldGen       total 219136K, used 112252K [0x00000000e0000000, 0x00000000ed600000, 0x00000000f5580000)
  object space 219136K, 51% used [0x00000000e0000000,0x00000000e6d9f048,0x00000000ed600000)
 Metaspace       used 284279K, capacity 310151K, committed 310420K, reserved 1318912K
  class space    used 39517K, capacity 41319K, committed 41364K, reserved 1048576K

Card table byte_map: [0x000000000aa80000,0x000000000ab90000] byte_map_base: 0x000000000a380000

Marking Bits: (ParMarkBitMap*) 0x00000000751fa6d0
 Begin Bits: [0x000000000b040000, 0x000000000b840000)
 End Bits:   [0x000000000b840000, 0x000000000c040000)

Polling page: 0x0000000000990000

CodeCache: size=131072Kb used=66970Kb max_used=66970Kb free=64101Kb
 bounds [0x0000000002880000, 0x0000000006a60000, 0x000000000a880000]
 total_blobs=26371 nmethods=25662 adapters=615
 compilation: enabled

Compilation events (10 events):
Event: 603.703 Thread 0x000000000caeb800 30760       3       sun.security.util.SignatureFileVerifier::isBlockOrSF (40 bytes)
Event: 603.704 Thread 0x000000000caeb800 nmethod 30760 0x0000000006a48450 code [0x0000000006a48620, 0x0000000006a48f78]
Event: 603.704 Thread 0x000000000caeb800 30756   !   3       scala.reflect.internal.Mirrors$RootsBase::staticClass (31 bytes)
Event: 603.705 Thread 0x000000000cae3000 30759       4       scala.reflect.internal.Types$TypeRef::scala$reflect$internal$Types$TypeRef$$$outer (8 bytes)
Event: 603.705 Thread 0x000000000caeb800 nmethod 30756 0x0000000006a46d90 code [0x0000000006a46fa0, 0x0000000006a47ad8]
Event: 603.706 Thread 0x000000000cae3000 nmethod 30759 0x00000000044b1ed0 code [0x00000000044b2000, 0x00000000044b2098]
Event: 603.709 Thread 0x000000000caeb800 30758       1       org.apache.logging.log4j.core.config.AppenderControl::getAppenderName (5 bytes)
Event: 603.709 Thread 0x000000000caeb800 nmethod 30758 0x00000000032ec610 code [0x00000000032ec760, 0x00000000032ec870]
Event: 603.737 Thread 0x000000000caeb800 30761       3       java.io.FilterOutputStream::flush (8 bytes)
Event: 603.738 Thread 0x000000000caeb800 nmethod 30761 0x00000000049d6890 code [0x00000000049d6a00, 0x00000000049d6c28]

GC Heap History (10 events):
Event: 518.778 GC heap before
{Heap before GC invocations=53 (full 13):
 PSYoungGen      total 135680K, used 21358K [0x00000000f5580000, 0x00000000fff00000, 0x0000000100000000)
  eden space 98816K, 0% used [0x00000000f5580000,0x00000000f5580000,0x00000000fb600000)
  from space 36864K, 57% used [0x00000000fdb00000,0x00000000fefdb998,0x00000000fff00000)
  to   space 37376K, 0% used [0x00000000fb600000,0x00000000fb600000,0x00000000fda80000)
 ParOldGen       total 219136K, used 99381K [0x00000000e0000000, 0x00000000ed600000, 0x00000000f5580000)
  object space 219136K, 45% used [0x00000000e0000000,0x00000000e610d6e8,0x00000000ed600000)
 Metaspace       used 264590K, capacity 290065K, committed 290324K, reserved 1300480K
  class space    used 36836K, capacity 38567K, committed 38676K, reserved 1048576K
Event: 519.297 GC heap after
Heap after GC invocations=53 (full 13):
 PSYoungGen      total 135680K, used 0K [0x00000000f5580000, 0x00000000fff00000, 0x0000000100000000)
  eden space 98816K, 0% used [0x00000000f5580000,0x00000000f5580000,0x00000000fb600000)
  from space 36864K, 0% used [0x00000000fdb00000,0x00000000fdb00000,0x00000000fff00000)
  to   space 37376K, 0% used [0x00000000fb600000,0x00000000fb600000,0x00000000fda80000)
 ParOldGen       total 219136K, used 116186K [0x00000000e0000000, 0x00000000ed600000, 0x00000000f5580000)
  object space 219136K, 53% used [0x00000000e0000000,0x00000000e7176b70,0x00000000ed600000)
 Metaspace       used 263917K, capacity 288639K, committed 290324K, reserved 1300480K
  class space    used 36632K, capacity 38320K, committed 38676K, reserved 1048576K
}
Event: 519.298 GC heap before
{Heap before GC invocations=54 (full 13):
 PSYoungGen      total 135680K, used 1817K [0x00000000f5580000, 0x00000000fff00000, 0x0000000100000000)
  eden space 98816K, 1% used [0x00000000f5580000,0x00000000f5746650,0x00000000fb600000)
  from space 36864K, 0% used [0x00000000fdb00000,0x00000000fdb00000,0x00000000fff00000)
  to   space 37376K, 0% used [0x00000000fb600000,0x00000000fb600000,0x00000000fda80000)
 ParOldGen       total 219136K, used 116186K [0x00000000e0000000, 0x00000000ed600000, 0x00000000f5580000)
  object space 219136K, 53% used [0x00000000e0000000,0x00000000e7176b70,0x00000000ed600000)
 Metaspace       used 263917K, capacity 288639K, committed 290324K, reserved 1300480K
  class space    used 36632K, capacity 38320K, committed 38676K, reserved 1048576K
Event: 519.303 GC heap after
Heap after GC invocations=54 (full 13):
 PSYoungGen      total 136192K, used 32K [0x00000000f5580000, 0x0000000100000000, 0x0000000100000000)
  eden space 98816K, 0% used [0x00000000f5580000,0x00000000f5580000,0x00000000fb600000)
  from space 37376K, 0% used [0x00000000fb600000,0x00000000fb608000,0x00000000fda80000)
  to   space 38400K, 0% used [0x00000000fda80000,0x00000000fda80000,0x0000000100000000)
 ParOldGen       total 219136K, used 116186K [0x00000000e0000000, 0x00000000ed600000, 0x00000000f5580000)
  object space 219136K, 53% used [0x00000000e0000000,0x00000000e7176b70,0x00000000ed600000)
 Metaspace       used 263917K, capacity 288639K, committed 290324K, reserved 1300480K
  class space    used 36632K, capacity 38320K, committed 38676K, reserved 1048576K
}
Event: 519.303 GC heap before
{Heap before GC invocations=55 (full 14):
 PSYoungGen      total 136192K, used 32K [0x00000000f5580000, 0x0000000100000000, 0x0000000100000000)
  eden space 98816K, 0% used [0x00000000f5580000,0x00000000f5580000,0x00000000fb600000)
  from space 37376K, 0% used [0x00000000fb600000,0x00000000fb608000,0x00000000fda80000)
  to   space 38400K, 0% used [0x00000000fda80000,0x00000000fda80000,0x0000000100000000)
 ParOldGen       total 219136K, used 116186K [0x00000000e0000000, 0x00000000ed600000, 0x00000000f5580000)
  object space 219136K, 53% used [0x00000000e0000000,0x00000000e7176b70,0x00000000ed600000)
 Metaspace       used 263917K, capacity 288639K, committed 290324K, reserved 1300480K
  class space    used 36632K, capacity 38320K, committed 38676K, reserved 1048576K
Event: 519.631 GC heap after
Heap after GC invocations=55 (full 14):
 PSYoungGen      total 136192K, used 0K [0x00000000f5580000, 0x0000000100000000, 0x0000000100000000)
  eden space 98816K, 0% used [0x00000000f5580000,0x00000000f5580000,0x00000000fb600000)
  from space 37376K, 0% used [0x00000000fb600000,0x00000000fb600000,0x00000000fda80000)
  to   space 38400K, 0% used [0x00000000fda80000,0x00000000fda80000,0x0000000100000000)
 ParOldGen       total 219136K, used 112236K [0x00000000e0000000, 0x00000000ed600000, 0x00000000f5580000)
  object space 219136K, 51% used [0x00000000e0000000,0x00000000e6d9b048,0x00000000ed600000)
 Metaspace       used 263917K, capacity 288639K, committed 290324K, reserved 1300480K
  class space    used 36632K, capacity 38320K, committed 38676K, reserved 1048576K
}
Event: 601.317 GC heap before
{Heap before GC invocations=56 (full 14):
 PSYoungGen      total 136192K, used 98816K [0x00000000f5580000, 0x0000000100000000, 0x0000000100000000)
  eden space 98816K, 100% used [0x00000000f5580000,0x00000000fb600000,0x00000000fb600000)
  from space 37376K, 0% used [0x00000000fb600000,0x00000000fb600000,0x00000000fda80000)
  to   space 38400K, 0% used [0x00000000fda80000,0x00000000fda80000,0x0000000100000000)
 ParOldGen       total 219136K, used 112236K [0x00000000e0000000, 0x00000000ed600000, 0x00000000f5580000)
  object space 219136K, 51% used [0x00000000e0000000,0x00000000e6d9b048,0x00000000ed600000)
 Metaspace       used 264182K, capacity 289047K, committed 290580K, reserved 1300480K
  class space    used 36634K, capacity 38323K, committed 38676K, reserved 1048576K
Event: 601.348 GC heap after
Heap after GC invocations=56 (full 14):
 PSYoungGen      total 136192K, used 18333K [0x00000000f5580000, 0x00000000fff00000, 0x0000000100000000)
  eden space 98816K, 0% used [0x00000000f5580000,0x00000000f5580000,0x00000000fb600000)
  from space 37376K, 49% used [0x00000000fda80000,0x00000000fec67570,0x00000000fff00000)
  to   space 37376K, 0% used [0x00000000fb600000,0x00000000fb600000,0x00000000fda80000)
 ParOldGen       total 219136K, used 112244K [0x00000000e0000000, 0x00000000ed600000, 0x00000000f5580000)
  object space 219136K, 51% used [0x00000000e0000000,0x00000000e6d9d048,0x00000000ed600000)
 Metaspace       used 264182K, capacity 289047K, committed 290580K, reserved 1300480K
  class space    used 36634K, capacity 38323K, committed 38676K, reserved 1048576K
}
Event: 603.438 GC heap before
{Heap before GC invocations=57 (full 14):
 PSYoungGen      total 136192K, used 117149K [0x00000000f5580000, 0x00000000fff00000, 0x0000000100000000)
  eden space 98816K, 100% used [0x00000000f5580000,0x00000000fb600000,0x00000000fb600000)
  from space 37376K, 49% used [0x00000000fda80000,0x00000000fec67570,0x00000000fff00000)
  to   space 37376K, 0% used [0x00000000fb600000,0x00000000fb600000,0x00000000fda80000)
 ParOldGen       total 219136K, used 112244K [0x00000000e0000000, 0x00000000ed600000, 0x00000000f5580000)
  object space 219136K, 51% used [0x00000000e0000000,0x00000000e6d9d048,0x00000000ed600000)
 Metaspace       used 282044K, capacity 307781K, committed 307860K, reserved 1316864K
  class space    used 39308K, capacity 41084K, committed 41108K, reserved 1048576K
Event: 603.451 GC heap after
Heap after GC invocations=57 (full 14):
 PSYoungGen      total 136192K, used 19751K [0x00000000f5580000, 0x00000000fff00000, 0x0000000100000000)
  eden space 98816K, 0% used [0x00000000f5580000,0x00000000f5580000,0x00000000fb600000)
  from space 37376K, 52% used [0x00000000fb600000,0x00000000fc949c70,0x00000000fda80000)
  to   space 36864K, 0% used [0x00000000fdb00000,0x00000000fdb00000,0x00000000fff00000)
 ParOldGen       total 219136K, used 112252K [0x00000000e0000000, 0x00000000ed600000, 0x00000000f5580000)
  object space 219136K, 51% used [0x00000000e0000000,0x00000000e6d9f048,0x00000000ed600000)
 Metaspace       used 282044K, capacity 307781K, committed 307860K, reserved 1316864K
  class space    used 39308K, capacity 41084K, committed 41108K, reserved 1048576K
}

Deoptimization events (10 events):
Event: 601.450 Thread 0x00000000128a6800 Uncommon trap: reason=class_check action=maybe_recompile pc=0x00000000066fb390 method=scala.tools.nsc.typechecker.TypeDiagnostics$TyperDiagnostics$checkDead$.apply(Lscala/reflect/internal/Trees$Tree;)Lscala/reflect/internal/Trees$Tree; @ 10
Event: 601.450 Thread 0x00000000128a6800 Uncommon trap: reason=class_check action=maybe_recompile pc=0x00000000066fb390 method=scala.tools.nsc.typechecker.TypeDiagnostics$TyperDiagnostics$checkDead$.apply(Lscala/reflect/internal/Trees$Tree;)Lscala/reflect/internal/Trees$Tree; @ 10
Event: 601.450 Thread 0x00000000128a6800 Uncommon trap: reason=class_check action=maybe_recompile pc=0x00000000066fb390 method=scala.tools.nsc.typechecker.TypeDiagnostics$TyperDiagnostics$checkDead$.apply(Lscala/reflect/internal/Trees$Tree;)Lscala/reflect/internal/Trees$Tree; @ 10
Event: 603.157 Thread 0x00000000128a5000 Uncommon trap: reason=bimorphic action=maybe_recompile pc=0x00000000068c6cfc method=scala.reflect.runtime.SynchronizedSymbols$SynchronizedSymbol$$anon$7.scala$reflect$runtime$SynchronizedSymbols$SynchronizedSymbol$$$outer()Lscala/reflect/runtime/Synchroniz0oJRBÙ‚@
Event: 603.157 Thread 0x00000000128a5000 Uncommon trap: reason=bimorphic action=maybe_recompile pc=0x00000000068c6cfc method=scala.reflect.runtime.SynchronizedSymbols$SynchronizedSymbol$$anon$7.scala$reflect$runtime$SynchronizedSymbols$SynchronizedSymbol$$$outer()Lscala/reflect/runtime/SynchronizévÖ\BÙ‚@
Event: 603.157 Thread 0x00000000128a5000 Uncommon trap: reason=bimorphic action=maybe_recompile pc=0x00000000068c6cfc method=scala.reflect.runtime.SynchronizedSymbols$SynchronizedSymbol$$anon$7.scala$reflect$runtime$SynchronizedSymbols$SynchronizedSymbol$$$outer()Lscala/reflect/runtime/Synchroniz
Event: 603.157 Thread 0x00000000128a5000 Uncommon trap: reason=bimorphic action=maybe_recompile pc=0x00000000068c6cfc method=scala.reflect.runtime.SynchronizedSymbols$SynchronizedSymbol$$anon$7.scala$reflect$runtime$SynchronizedSymbols$SynchronizedSymbol$$$outer()Lscala/reflect/runtime/Synchroniz©yPÜ‚@
Event: 603.539 Thread 0x00000000128a5000 Uncommon trap: reason=bimorphic action=maybe_recompile pc=0x00000000044b2738 method=scala.reflect.runtime.SynchronizedSymbols$SynchronizedSymbol$$anon$13.scala$reflect$runtime$SynchronizedSymbols$SynchronizedSymbol$$$outer()Lscala/reflect/runtime/Synchroni¾MŽPÜ‚@
Event: 603.539 Thread 0x00000000128a5000 Uncommon trap: reason=bimorphic action=maybe_recompile pc=0x00000000044b2738 method=scala.reflect.runtime.SynchronizedSymbols$SynchronizedSymbol$$anon$13.scala$reflect$runtime$SynchronizedSymbols$SynchronizedSymbol$$$outer()Lscala/reflect/runtime/Synchroniû½½‘Ü‚@
Event: 603.571 Thread 0x00000000128a5000 Uncommon trap: reason=unstable_if action=reinterpret pc=0x0000000006a29250 method=scala.reflect.internal.pickling.UnPickler$Scan.shouldEnterInOwnerScope$1(Lscala/reflect/internal/Symbols$Symbol;)Z @ 57

Internal exceptions (10 events):
Event: 603.580 Thread 0x00000000128a5000 Exception <a 'java/lang/ClassNotFoundException': java/net> (0x00000000f5bbd360) thrown at [C:\re\workspace\8-2-build-windows-amd64-cygwin\jdk8u101\7261\hotspot\src\share\vm\classfile\systemDictionary.cpp, line 210]
Event: 603.580 Thread 0x00000000128a5000 Exception <a 'java/lang/ClassNotFoundException': java/net/package> (0x00000000f5bbe368) thrown at [C:\re\workspace\8-2-build-windows-amd64-cygwin\jdk8u101\7261\hotspot\src\share\vm\classfile\systemDictionary.cpp, line 210]
Event: 603.580 Thread 0x00000000128a5000 Exception <a 'java/lang/ClassNotFoundException': scala/reflect/ScalaSignature> (0x00000000f5bbf6c8) thrown at [C:\re\workspace\8-2-build-windows-amd64-cygwin\jdk8u101\7261\hotspot\src\share\vm\classfile\systemDictionary.cpp, line 210]
Event: 603.580 Thread 0x00000000128a5000 Exception <a 'java/lang/ClassNotFoundException': scala/reflect/ScalaLongSignature> (0x00000000f5bbfd40) thrown at [C:\re\workspace\8-2-build-windows-amd64-cygwin\jdk8u101\7261\hotspot\src\share\vm\classfile\systemDictionary.cpp, line 210]
Event: 603.581 Thread 0x00000000128a5000 Exception <a 'java/lang/ClassNotFoundException': scala/reflect/ScalaSignature> (0x00000000f5bc3d60) thrown at [C:\re\workspace\8-2-build-windows-amd64-cygwin\jdk8u101\7261\hotspot\src\share\vm\classfile\systemDictionary.cpp, line 210]
Event: 603.581 Thread 0x00000000128a5000 Exception <a 'java/lang/ClassNotFoundException': scala/reflect/ScalaLongSignature> (0x00000000f5bc43d8) thrown at [C:\re\workspace\8-2-build-windows-amd64-cygwin\jdk8u101\7261\hotspot\src\share\vm\classfile\systemDictionary.cpp, line 210]
Event: 603.596 Thread 0x00000000128a5000 Exception <a 'java/lang/ClassNotFoundException': scala/reflect/ScalaSignature> (0x00000000f5c53078) thrown at [C:\re\workspace\8-2-build-windows-amd64-cygwin\jdk8u101\7261\hotspot\src\share\vm\classfile\systemDictionary.cpp, line 210]
Event: 603.596 Thread 0x00000000128a5000 Exception <a 'java/lang/ClassNotFoundException': scala/reflect/ScalaLongSignature> (0x00000000f5c536f0) thrown at [C:\re\workspace\8-2-build-windows-amd64-cygwin\jdk8u101\7261\hotspot\src\share\vm\classfile\systemDictionary.cpp, line 210]
Event: 603.603 Thread 0x00000000128a5000 Exception <a 'java/lang/NoSuchMethodError': java.lang.Object.$anonfun$partition$1(Lscala/Function1;Lscala/collection/mutable/Builder;Lscala/collection/mutable/Builder;Ljava/lang/Object;)Lscala/collection/mutable/Builder;> (0x00000000f5c86c50) thrown at [C:îÑB–×Ü‚@
Event: 603.605 Thread 0x00000000128a5000 Exception <a 'java/lang/NoSuchMethodError': java.lang.Object.$anonfun$count$1$adapted(Lscala/Function1;Lscala/runtime/IntRef;Ljava/lang/Object;)Ljava/lang/Object;> (0x00000000f5c9cd40) thrown at [C:\re\workspace\8-2-build-windows-amd64-cygwin\jdk8u101\7261æ,Çÿ¢Ü‚@

Events (10 events):
Event: 603.738 loading class javax/servlet/ServletContext
Event: 603.738 loading class javax/servlet/ServletContext done
Event: 603.738 loading class javax/servlet/ServletContext
Event: 603.738 loading class javax/servlet/ServletContext done
Event: 603.739 loading class org/apache/logging/log4j/core/lookup/JndiLookup
Event: 603.739 loading class org/apache/logging/log4j/core/lookup/JndiLookup done
Event: 603.739 loading class org/apache/logging/log4j/core/lookup/JndiLookup
Event: 603.739 loading class org/apache/logging/log4j/core/lookup/JndiLookup done
Event: 603.740 loading class org/apache/logging/log4j/core/lookup/JmxRuntimeInputArgumentsLookup
Event: 603.740 loading class org/apache/logging/log4j/core/lookup/JmxRuntimeInputArgumentsLookup done


Dynamic libraries:
0x00007ff75df10000 - 0x00007ff75df47000 	C:\ProgramData\Oracle\Java\javapath\java.exe
0x00007ff8cdc30000 - 0x00007ff8cde11000 	C:\WINDOWS\SYSTEM32\ntdll.dll
0x00007ff8cc2f0000 - 0x00007ff8cc3a2000 	C:\WINDOWS\System32\KERNEL32.DLL
0x00007ff8cae40000 - 0x00007ff8cb0b3000 	C:\WINDOWS\System32\KERNELBASE.dll
0x00007ff8cc020000 - 0x00007ff8cc0c1000 	C:\WINDOWS\System32\ADVAPI32.dll
0x00007ff8cbe80000 - 0x00007ff8cbf1e000 	C:\WINDOWS\System32\msvcrt.dll
0x00007ff8cc3c0000 - 0x00007ff8cc41b000 	C:\WINDOWS\System32\sechost.dll
0x00007ff8cc420000 - 0x00007ff8cc544000 	C:\WINDOWS\System32\RPCRT4.dll
0x00007ff8cb0c0000 - 0x00007ff8cb250000 	C:\WINDOWS\System32\USER32.dll
0x00007ff8ca280000 - 0x00007ff8ca2a0000 	C:\WINDOWS\System32\win32u.dll
0x00007ff8cc2c0000 - 0x00007ff8cc2e8000 	C:\WINDOWS\System32\GDI32.dll
0x00007ff8cac50000 - 0x00007ff8cade2000 	C:\WINDOWS\System32\gdi32full.dll
0x00007ff8ca1e0000 - 0x00007ff8ca27f000 	C:\WINDOWS\System32\msvcp_win.dll
0x00007ff8ca000000 - 0x00007ff8ca0fa000 	C:\WINDOWS\System32\ucrtbase.dll
0x00007ff8bad10000 - 0x00007ff8baf79000 	C:\WINDOWS\WinSxS\amd64_microsoft.windows.common-controls_6595b64144ccf1df_6.0.17134.285_none_fb4297e330656775\COMCTL32.dll
0x00007ff8cbb50000 - 0x00007ff8cbe73000 	C:\WINDOWS\System32\combase.dll
0x00007ff8ca100000 - 0x00007ff8ca17a000 	C:\WINDOWS\System32\bcryptPrimitives.dll
0x00007ff8cc660000 - 0x00007ff8cc68d000 	C:\WINDOWS\System32\IMM32.DLL
0x0000000074830000 - 0x0000000074902000 	C:\Program Files\Java\jre1.8.0_101\bin\msvcr100.dll
0x00000000749e0000 - 0x000000007527a000 	C:\Program Files\Java\jre1.8.0_101\bin\server\jvm.dll
0x00007ff8cc3b0000 - 0x00007ff8cc3b8000 	C:\WINDOWS\System32\PSAPI.DLL
0x00007ff8c6d60000 - 0x00007ff8c6d83000 	C:\WINDOWS\SYSTEM32\WINMM.dll
0x00007ff8c7660000 - 0x00007ff8c766a000 	C:\WINDOWS\SYSTEM32\VERSION.dll
0x00007ff8c4390000 - 0x00007ff8c4399000 	C:\WINDOWS\SYSTEM32\WSOCK32.dll
0x00007ff8cc250000 - 0x00007ff8cc2bc000 	C:\WINDOWS\System32\WS2_32.dll
0x00007ff8c6d10000 - 0x00007ff8c6d3a000 	C:\WINDOWS\SYSTEM32\winmmbase.dll
0x00007ff8cadf0000 - 0x00007ff8cae39000 	C:\WINDOWS\System32\cfgmgr32.dll
0x00000000749d0000 - 0x00000000749df000 	C:\Program Files\Java\jre1.8.0_101\bin\verify.dll
0x00000000749a0000 - 0x00000000749c9000 	C:\Program Files\Java\jre1.8.0_101\bin\java.dll
0x0000000074980000 - 0x0000000074996000 	C:\Program Files\Java\jre1.8.0_101\bin\zip.dll
0x00007ff8cc6f0000 - 0x00007ff8cdb30000 	C:\WINDOWS\System32\SHELL32.dll
0x00007ff8cc5b0000 - 0x00007ff8cc659000 	C:\WINDOWS\System32\shcore.dll
0x00007ff8ca2a0000 - 0x00007ff8ca9ad000 	C:\WINDOWS\System32\windows.storage.dll
0x00007ff8cc690000 - 0x00007ff8cc6e1000 	C:\WINDOWS\System32\shlwapi.dll
0x00007ff8c9fe0000 - 0x00007ff8c9ff1000 	C:\WINDOWS\System32\kernel.appcore.dll
0x00007ff8c9fc0000 - 0x00007ff8c9fdf000 	C:\WINDOWS\System32\profapi.dll
0x00007ff8c9f40000 - 0x00007ff8c9f8c000 	C:\WINDOWS\System32\powrprof.dll
0x00007ff8c9f90000 - 0x00007ff8c9f9a000 	C:\WINDOWS\System32\FLTLIB.DLL
0x0000000074960000 - 0x000000007497a000 	C:\Program Files\Java\jre1.8.0_101\bin\net.dll
0x00007ff8c9400000 - 0x00007ff8c9466000 	C:\WINDOWS\system32\mswsock.dll
0x0000000074940000 - 0x0000000074951000 	C:\Program Files\Java\jre1.8.0_101\bin\nio.dll
0x00007ff8c9c00000 - 0x00007ff8c9c17000 	C:\WINDOWS\SYSTEM32\CRYPTSP.dll
0x00007ff8c8fe0000 - 0x00007ff8c9013000 	C:\WINDOWS\system32\rsaenh.dll
0x00007ff8c9990000 - 0x00007ff8c99b5000 	C:\WINDOWS\SYSTEM32\bcrypt.dll
0x00007ff8c9e70000 - 0x00007ff8c9e98000 	C:\WINDOWS\SYSTEM32\USERENV.dll
0x00007ff8c95b0000 - 0x00007ff8c95bb000 	C:\WINDOWS\SYSTEM32\CRYPTBASE.dll
0x00007ff8c9180000 - 0x00007ff8c91b8000 	C:\WINDOWS\SYSTEM32\IPHLPAPI.DLL
0x00007ff8cb820000 - 0x00007ff8cb828000 	C:\WINDOWS\System32\NSI.dll
0x00007ff8bfb50000 - 0x00007ff8bfb66000 	C:\WINDOWS\SYSTEM32\dhcpcsvc6.DLL
0x00007ff8bf980000 - 0x00007ff8bf99a000 	C:\WINDOWS\SYSTEM32\dhcpcsvc.DLL
0x00007ff8c5280000 - 0x00007ff8c528a000 	C:\Users\Triinu\AppData\Local\Temp\jansi-64-1-894758650365908310.11
0x0000000074820000 - 0x000000007482d000 	C:\Program Files\Java\jre1.8.0_101\bin\management.dll
0x00007ff8b1bd0000 - 0x00007ff8b1be6000 	C:\WINDOWS\system32\napinsp.dll
0x00007ff8b1b90000 - 0x00007ff8b1baa000 	C:\WINDOWS\system32\pnrpnsp.dll
0x00007ff8c5620000 - 0x00007ff8c5639000 	C:\WINDOWS\system32\NLAapi.dll
0x00007ff8c91c0000 - 0x00007ff8c927e000 	C:\WINDOWS\SYSTEM32\DNSAPI.dll
0x00007ff8c3830000 - 0x00007ff8c383e000 	C:\WINDOWS\System32\winrnr.dll
0x00007ff8c1500000 - 0x00007ff8c1515000 	C:\WINDOWS\System32\wshbth.dll
0x00007ff8bb8b0000 - 0x00007ff8bb8ba000 	C:\Windows\System32\rasadhlp.dll
0x00007ff8bc200000 - 0x00007ff8bc272000 	C:\WINDOWS\System32\fwpuclnt.dll
0x00007ff89ba80000 - 0x00007ff89bac2000 	C:\Users\Triinu\AppData\Local\Temp\jna--1781604731\jna1418921291261977257.dll
0x00007ff8b02b0000 - 0x00007ff8b02ba000 	C:\Users\Triinu\AppData\Local\Temp\jansi-64-2684534415118677547.dll
0x00007ff8c8800000 - 0x00007ff8c880a000 	C:\Users\Triinu\AppData\Local\Temp\jansi-64-182049674314171628.dll
0x00007ff8af970000 - 0x00007ff8af97a000 	C:\Users\Triinu\AppData\Local\Temp\jansi-64-9043460964404596558.dll
0x00007ff8ba4a0000 - 0x00007ff8ba4aa000 	C:\Users\Triinu\AppData\Local\Temp\jansi-64-275624643448145881.dll
0x00007ff8b7210000 - 0x00007ff8b721a000 	C:\Users\Triinu\AppData\Local\Temp\jansi-64-7943008243751060186.dll
0x00007ff8aedd0000 - 0x00007ff8aedda000 	C:\Users\Triinu\AppData\Local\Temp\jansi-64-1637967190739987186.dll
0x00007ff8aedc0000 - 0x00007ff8aedca000 	C:\Users\Triinu\AppData\Local\Temp\jansi-64-7132561184863689006.dll
0x00007ff8c9a30000 - 0x00007ff8c9bf9000 	C:\WINDOWS\SYSTEM32\dbghelp.dll

VM Arguments:
jvm_args: -Xmx512M -XX:MaxPermSize=256m -XX:ReservedCodeCacheSize=128m -Dsbt.log.format=true 
java_command: xsbt.boot.Boot
java_class_path (initial): C:\Users\Triinu\Projects\technician-movement\sbt-dist\bin\sbt-launch.jar
Launcher Type: SUN_STANDARD

Environment Variables:
PATH=C:\ProgramData\Oracle\Java\javapath;C:\Program Files (x86)\Intel\iCLS Client\;C:\Program Files\Intel\iCLS Client\;C:\WINDOWS\system32;C:\WINDOWS;C:\WINDOWS\System32\Wbem;C:\WINDOWS\System32\WindowsPowerShell\v1.0\;C:\Program Files\Intel\Intel(R) Management Engine Components\DAL;C:\Program Files\Intel\Intel(R) Management Engine Components\IPT;C:\Program Files (x86)\Intel\Intel(R) Management Engine Components\DAL;C:\Program Files (x86)\Intel\Intel(R) Management Engine Components\IPT;C:\Program Files (x86)\Intel\OpenCL SDK\3.0\bin\x86;C:\Program Files (x86)\Intel\OpenCL SDK\3.0\bin\x64;C:\Program Files\Lenovo\Fingerprint Manager Pro\;C:\Program Files (x86)\Common Files\Lenovo;C:\SWTOOLS\ReadyApps;C:\ProgramData\chocolatey\bin;C:\WINDOWS\system32;C:\WINDOWS;C:\WINDOWS\System32\Wbem;C:\WINDOWS\System32\WindowsPowerShell\v1.0\;C:\Program Files\PuTTY\;C:\Program Files\nodejs\;C:\Program Files\Intel\WiFi\bin\;C:\Program Files\Common Files\Intel\WirelessCommon\;C:\WINDOWS\System32\OpenSSH\;C:\Program Files (x86)\sbt\bin;C:\Users\Triinu\AppData\Local\atom\bin;C:\Users\Triinu\AppData\Local\Programs\Python\Python35-32;C:\Users\Triinu\AppData\Local\Programs\Python\Python35-32\Scripts;C:\Users\Triinu\AppData\Local\Microsoft\WindowsApps;C:\Users\Triinu\AppData\Roaming\npm;C:\Program Files\Intel\WiFi\bin\;C:\Program Files\Common Files\Intel\WirelessCommon\;
USERNAME=Triinu
OS=Windows_NT
PROCESSOR_IDENTIFIER=Intel64 Family 6 Model 60 Stepping 3, GenuineIntel



---------------  S Y S T E M  ---------------

OS: Windows 10.0 , 64 bit Build 17134 (10.0.17134.1)

CPU:total 4 (2 cores per cpu, 2 threads per core) family 6 model 60 stepping 3, cmov, cx8, fxsr, mmx, sse, sse2, sse3, ssse3, sse4.1, sse4.2, popcnt, avx, avx2, aes, clmul, erms, lzcnt, ht, tsc, tscinvbit, bmi1, bmi2

Memory: 4k page, physical 12260416k(7031268k free), swap 24843328k(19289968k free)

vm_info: Java HotSpot(TM) 64-Bit Server VM (25.101-b13) for windows-amd64 JRE (1.8.0_101-b13), built on Jun 22 2016 01:21:29 by "java_re" with MS VC++ 10.0 (VS2010)

time: Fri Sep 21 07:14:44 2018
elapsed time: 603 seconds (0d 0h 10m 3s)

