#
# A fatal error has been detected by the Java Runtime Environment:
#
#  EXCEPTION_ACCESS_VIOLATION (0xc0000005) at pc=0x0000000074b26907, pid=8680, tid=0x0000000000001080
#
# JRE version: Java(TM) SE Runtime Environment (8.0_101-b13) (build 1.8.0_101-b13)
# Java VM: Java HotSpot(TM) 64-Bit Server VM (25.101-b13 mixed mode windows-amd64 compressed oops)
# Problematic frame:
# V  [jvm.dll+0x146907]
#
# Failed to write core dump. Minidumps are not enabled by default on client versions of Windows
#
# If you would like to submit a bug report, please visit:
#   http://bugreport.java.com/bugreport/crash.jsp
#

---------------  T H R E A D  ---------------

Current thread (0x0000000012e34800):  JavaThread "pool-24-thread-4" [_thread_in_vm, id=4224, stack(0x0000000030ce0000,0x0000000030de0000)]

siginfo: ExceptionCode=0xc0000005, reading address 0xffffffffffffffff

Registers:
RAX=0x006a006f00720050, RBX=0x000000000f4502f0, RCX=0x00000000f68490d8, RDX=0x0000000012e34800
RSP=0x0000000030ddd700, RBP=0x0000000012e34800, RSI=0x006a006f00720050, RDI=0x000000000f3fc250
R8 =0x0000000000000033, R9 =0x00007ff8a7d48290, R10=0x000000000f3fc250, R11=0x00000000e1e48e8b
R12=0x0000000000000000, R13=0x00007ff8b7144514, R14=0x00007ff8b71444e0, R15=0x0000000012e34800
RIP=0x0000000074b26907, EFLAGS=0x0000000000010206

Top of Stack: (sp=0x0000000030ddd700)
0x0000000030ddd700:   000000000f4502f0 000000001e4edf60
0x0000000030ddd710:   00000001030de9d0 0000000002edb400
0x0000000030ddd720:   0000000030ddd738 0000808000800080
0x0000000030ddd730:   00808080e1e48e8b 0000000300000001
0x0000000030ddd740:   000000002cff5388 0000000012e34800
0x0000000030ddd750:   0000000012e34800 0000000000000000
0x0000000030ddd760:   0000000030ddd820 00007ff8cae4888e
0x0000000030ddd770:   0000000030ddd908 000000002cff0cd0
0x0000000030ddd780:   0000000000000000 0000000030ddd8f8
0x0000000030ddd790:   0000000030ddd8f8 00007ff8b71426bc
0x0000000030ddd7a0:   00000000d10bdbf0 0000000012e349f8
0x0000000030ddd7b0:   0000000030ddd820 0080800000008000
0x0000000030ddd7c0:   0000000012e349f8 00007ff8b714272b
0x0000000030ddd7d0:   00ff000000808080 00ffff000000ff00
0x0000000030ddd7e0:   00ff00ff000000ff 00ffffff0000ffff
0x0000000030ddd7f0:   0000000030ddd820 00007ff8b7141605 

Instructions: (pc=0x0000000074b26907)
0x0000000074b268e7:   48 85 db 0f 84 d5 02 00 00 48 85 c0 0f 84 cc 02
0x0000000074b268f7:   00 00 48 8b 0e e8 af 1c f2 ff 48 8b d5 48 8b f0
0x0000000074b26907:   48 8b 00 48 8b ce ff 90 90 00 00 00 4c 39 65 08
0x0000000074b26917:   0f 84 96 00 00 00 48 8b cf e8 8b 42 ff ff 48 8b 


Register to memory mapping:

RAX=0x006a006f00720050 is an unknown value
RBX=0x000000000f4502f0 is an unknown value
RCX=0x00000000f68490d8 is an oop
java.lang.String 
 - klass: 'java/lang/String'
RDX=0x0000000012e34800 is a thread
RSP=0x0000000030ddd700 is pointing into the stack for thread: 0x0000000012e34800
RBP=0x0000000012e34800 is a thread
RSI=0x006a006f00720050 is an unknown value
RDI=0x000000000f3fc250 is an unknown value
R8 =0x0000000000000033 is an unknown value
R9 =0x00007ff8a7d48290 is an unknown value
R10=0x000000000f3fc250 is an unknown value
R11=0x00000000e1e48e8b is pointing into object: 0x00000000e1e48e88
sun.util.calendar.Gregorian$Date 
 - klass: 'sun/util/calendar/Gregorian$Date'
R12=0x0000000000000000 is an unknown value
R13=0x00007ff8b7144514 is an unknown value
R14=0x00007ff8b71444e0 is an unknown value
R15=0x0000000012e34800 is a thread


Stack: [0x0000000030ce0000,0x0000000030de0000],  sp=0x0000000030ddd700,  free space=1013k
Native frames: (J=compiled Java code, j=interpreted, Vv=VM code, C=native code)
V  [jvm.dll+0x146907]
C  [jansi-64-8967078636118581814.dll+0x26bc]
C  [jansi-64-8967078636118581814.dll+0x272b]
C  [jansi-64-8967078636118581814.dll+0x1605]
C  0x0000000002fa7f54

Java frames: (J=compiled Java code, j=interpreted, Vv=VM code)
j  org.fusesource.jansi.internal.Kernel32.GetConsoleScreenBufferInfo(JLorg/fusesource/jansi/internal/Kernel32$CONSOLE_SCREEN_BUFFER_INFO;)I+0
j  org.fusesource.jansi.WindowsAnsiOutputStream.getConsoleInfo()V+14
j  org.fusesource.jansi.WindowsAnsiOutputStream.<init>(Ljava/io/OutputStream;)V+27
v  ~StubRoutines::call_stub
J 2617  sun.reflect.NativeConstructorAccessorImpl.newInstance0(Ljava/lang/reflect/Constructor;[Ljava/lang/Object;)Ljava/lang/Object; (0 bytes) @ 0x000000000368bd26 [0x000000000368bcc0+0x66]
J 41972 C2 sun.reflect.NativeConstructorAccessorImpl.newInstance([Ljava/lang/Object;)Ljava/lang/Object; (89 bytes) @ 0x0000000004af2048 [0x0000000004af1fe0+0x68]
J 41235 C2 sun.reflect.DelegatingConstructorAccessorImpl.newInstance([Ljava/lang/Object;)Ljava/lang/Object; (9 bytes) @ 0x0000000004bc64c4 [0x0000000004bc6480+0x44]
J 41204 C1 java.lang.reflect.Constructor.newInstance([Ljava/lang/Object;)Ljava/lang/Object; (87 bytes) @ 0x0000000004bcb50c [0x0000000004bcb040+0x4cc]
j  org.apache.logging.log4j.core.appender.ConsoleAppender.getOutputStream(ZZLorg/apache/logging/log4j/core/appender/ConsoleAppender$Target;)Ljava/io/OutputStream;+219
j  org.apache.logging.log4j.core.appender.ConsoleAppender.getDefaultManager(Lorg/apache/logging/log4j/core/appender/ConsoleAppender$Target;ZZLorg/apache/logging/log4j/core/Layout;)Lorg/apache/logging/log4j/core/appender/OutputStreamManager;+3
j  org.apache.logging.log4j.core.appender.ConsoleAppender.createDefaultAppenderForLayout(Lorg/apache/logging/log4j/core/Layout;)Lorg/apache/logging/log4j/core/appender/ConsoleAppender;+36
j  org.apache.logging.log4j.core.config.AbstractConfiguration.setToDefault()V+48
j  org.apache.logging.log4j.core.config.DefaultConfiguration.<init>()V+9
j  org.apache.logging.log4j.core.layout.PatternLayout$Builder.build()Lorg/apache/logging/log4j/core/layout/PatternLayout;+12
j  org.apache.logging.log4j.core.layout.PatternLayout.createDefaultLayout()Lorg/apache/logging/log4j/core/layout/PatternLayout;+3
j  sbt.internal.util.BufferedAppender.<init>(Ljava/lang/String;Lorg/apache/logging/log4j/core/Appender;)V+8
j  sbt.internal.util.BufferedAppender$.apply(Ljava/lang/String;Lorg/apache/logging/log4j/core/Appender;)Lsbt/internal/util/BufferedAppender;+6
j  sbt.internal.testing.TestLogger$.$anonfun$make$1(Lscala/Tuple2;)Lsbt/internal/util/BufferedAppender;+24
j  sbt.internal.testing.TestLogger$$$Lambda$2977.apply(Ljava/lang/Object;)Ljava/lang/Object;+4
J 4297 C2 scala.collection.TraversableLike$$Lambda$41.apply(Ljava/lang/Object;)Ljava/lang/Object; (13 bytes) @ 0x0000000003360028 [0x000000000335ffe0+0x48]
J 6114 C2 scala.collection.AbstractIterator.foreach(Lscala/Function1;)V (6 bytes) @ 0x0000000003d2805c [0x0000000003d27fe0+0x7c]
J 6171 C2 scala.collection.AbstractIterable.foreach(Lscala/Function1;)V (6 bytes) @ 0x0000000003d4e7f8 [0x0000000003d4e7a0+0x58]
J 38750 C2 scala.collection.AbstractTraversable.map(Lscala/Function1;Lscala/collection/generic/CanBuildFrom;)Ljava/lang/Object; (7 bytes) @ 0x0000000004595410 [0x0000000004595320+0xf0]
j  sbt.internal.testing.TestLogger$.makePerTest$1(Lsbt/TestDefinition;Lscala/Function1;)Lsbt/ContentLogger;+62
j  sbt.internal.testing.TestLogger$.$anonfun$make$7(Lsbt/internal/testing/TestLogger$;Lscala/Function1;Lsbt/TestDefinition;)Lsbt/ContentLogger;+3
j  sbt.internal.testing.TestLogger$$$Lambda$2386.apply(Ljava/lang/Object;)Ljava/lang/Object;+12
j  sbt.internal.testing.TestLogger.contentLogger(Lsbt/TestDefinition;)Lscala/Option;+12
j  sbt.TestRunner.$anonfun$run$2(Lsbt/TestDefinition;Lsbt/TestReportListener;)Lscala/collection/Iterable;+5
j  sbt.TestRunner$$Lambda$2973.apply(Ljava/lang/Object;)Ljava/lang/Object;+8
J 4213 C2 scala.collection.TraversableLike$$Lambda$56.apply(Ljava/lang/Object;)Ljava/lang/Object; (13 bytes) @ 0x000000000329f0c8 [0x000000000329f080+0x48]
J 6114 C2 scala.collection.AbstractIterator.foreach(Lscala/Function1;)V (6 bytes) @ 0x0000000003d2805c [0x0000000003d27fe0+0x7c]
J 6171 C2 scala.collection.AbstractIterable.foreach(Lscala/Function1;)V (6 bytes) @ 0x0000000003d4e7f8 [0x0000000003d4e7a0+0x58]
J 33319 C1 scala.collection.AbstractTraversable.flatMap(Lscala/Function1;Lscala/collection/generic/CanBuildFrom;)Ljava/lang/Object; (7 bytes) @ 0x00000000072edc8c [0x00000000072ed520+0x76c]
j  sbt.TestRunner.runTest$1(Lsbt/testing/Task;Lsbt/TestDefinition;)Lscala/Tuple2;+35
j  sbt.TestRunner.run(Lsbt/testing/TaskDef;Lsbt/testing/Task;)Lscala/Tuple2;+60
j  sbt.TestFramework$$anon$2$$anonfun$$lessinit$greater$1.$anonfun$apply$1(Lsbt/TestFramework$$anon$2$$anonfun$$lessinit$greater$1;Lsbt/TestRunner;)Lscala/Tuple2;+9
j  sbt.TestFramework$$anon$2$$anonfun$$lessinit$greater$1$$Lambda$2959.apply()Ljava/lang/Object;+8
j  sbt.TestFramework$.sbt$TestFramework$$withContextLoader(Ljava/lang/ClassLoader;Lscala/Function0;)Ljava/lang/Object;+15
j  sbt.TestFramework$$anon$2$$anonfun$$lessinit$greater$1.apply(Lsbt/TestRunner;)Lscala/Tuple2;+14
j  sbt.TestFramework$$anon$2$$anonfun$$lessinit$greater$1.apply(Ljava/lang/Object;)Ljava/lang/Object;+5
j  sbt.TestFunction.apply()Lscala/Tuple2;+8
j  sbt.Tests$.$anonfun$toTask$1(Ljava/lang/String;Lsbt/TestFunction;)Lscala/Tuple2;+6
j  sbt.Tests$$$Lambda$2940.apply()Ljava/lang/Object;+8
J 41339 C1 sbt.std.Transform$$anon$3$$Lambda$1809.apply(Ljava/lang/Object;)Ljava/lang/Object; (12 bytes) @ 0x0000000006d105bc [0x0000000006d102c0+0x2fc]
J 10274 C1 sbt.Execute.$anonfun$submit$2(Lsbt/Node;Ljava/lang/Object;)Lscala/util/Either; (8 bytes) @ 0x0000000003acd89c [0x0000000003acd740+0x15c]
J 32389 C2 java.util.concurrent.FutureTask.run()V (126 bytes) @ 0x0000000007296a60 [0x0000000007296700+0x360]
j  java.util.concurrent.ThreadPoolExecutor.runWorker(Ljava/util/concurrent/ThreadPoolExecutor$Worker;)V+95
j  java.util.concurrent.ThreadPoolExecutor$Worker.run()V+5
j  java.lang.Thread.run()V+11
v  ~StubRoutines::call_stub

---------------  P R O C E S S  ---------------

Java Threads: ( => current thread )
  0x0000000012e39000 JavaThread "Timer-8" [_thread_blocked, id=14120, stack(0x00000000314e0000,0x00000000315e0000)]
  0x0000000012e39800 JavaThread "ScalaTest-dispatcher" [_thread_blocked, id=10396, stack(0x00000000313e0000,0x00000000314e0000)]
  0x0000000012e37800 JavaThread "scala-execution-context-global-297" daemon [_thread_blocked, id=1640, stack(0x00000000312e0000,0x00000000313e0000)]
  0x0000000012e36000 JavaThread "scala-execution-context-global-296" daemon [_thread_blocked, id=8112, stack(0x00000000311e0000,0x00000000312e0000)]
  0x0000000012e2e800 JavaThread "scala-execution-context-global-295" daemon [_thread_blocked, id=12732, stack(0x00000000310e0000,0x00000000311e0000)]
  0x0000000012e31800 JavaThread "scala-execution-context-global-294" daemon [_thread_blocked, id=1920, stack(0x0000000030fe0000,0x00000000310e0000)]
  0x0000000012e35000 JavaThread "pool-24-thread-6" [_thread_in_vm, id=13588, stack(0x0000000030ee0000,0x0000000030fe0000)]
  0x0000000012e2d800 JavaThread "pool-24-thread-5" [_thread_blocked, id=10136, stack(0x0000000030de0000,0x0000000030ee0000)]
=>0x0000000012e34800 JavaThread "pool-24-thread-4" [_thread_in_vm, id=4224, stack(0x0000000030ce0000,0x0000000030de0000)]
  0x0000000012e2d000 JavaThread "pool-24-thread-3" [_thread_blocked, id=8712, stack(0x0000000030be0000,0x0000000030ce0000)]
  0x0000000012e32000 JavaThread "pool-24-thread-2" [_thread_blocked, id=10808, stack(0x0000000030ae0000,0x0000000030be0000)]
  0x0000000012e30800 JavaThread "pool-24-thread-1" [_thread_blocked, id=2904, stack(0x00000000309e0000,0x0000000030ae0000)]
  0x0000000012e30000 JavaThread "Timer-7" [_thread_blocked, id=6912, stack(0x000000002fbe0000,0x000000002fce0000)]
  0x000000001453c000 JavaThread "sbt-socket-server" [_thread_in_native, id=3396, stack(0x000000001a670000,0x000000001a770000)]
  0x0000000011602800 JavaThread "Log4j2-TF-1-AsyncLogger[AsyncContext@e45f292]-1" daemon [_thread_blocked, id=4032, stack(0x0000000012430000,0x0000000012530000)]
  0x000000000eb70800 JavaThread "Service Thread" daemon [_thread_blocked, id=10140, stack(0x000000000ef50000,0x000000000f050000)]
  0x000000000d1fb800 JavaThread "C1 CompilerThread2" daemon [_thread_in_vm, id=11392, stack(0x000000000ea50000,0x000000000eb50000)]
  0x000000000d1f5000 JavaThread "C2 CompilerThread1" daemon [_thread_in_native, id=13568, stack(0x000000000e950000,0x000000000ea50000)]
  0x000000000d1f3000 JavaThread "C2 CompilerThread0" daemon [_thread_blocked, id=8748, stack(0x000000000e850000,0x000000000e950000)]
  0x000000000d1f1800 JavaThread "Attach Listener" daemon [_thread_blocked, id=13704, stack(0x000000000e750000,0x000000000e850000)]
  0x000000000d1ee800 JavaThread "Signal Dispatcher" daemon [_thread_blocked, id=11664, stack(0x000000000e650000,0x000000000e750000)]
  0x0000000002f8d000 JavaThread "Finalizer" daemon [_thread_blocked, id=13124, stack(0x000000000e460000,0x000000000e560000)]
  0x0000000002f82000 JavaThread "Reference Handler" daemon [_thread_blocked, id=13824, stack(0x000000000e360000,0x000000000e460000)]
  0x0000000002e8e800 JavaThread "main" [_thread_blocked, id=10936, stack(0x0000000002d60000,0x0000000002e60000)]

Other Threads:
  0x000000000d1b7000 VMThread [stack: 0x000000000e260000,0x000000000e360000] [id=13736]
  0x000000000eba5000 WatcherThread [stack: 0x000000000f050000,0x000000000f150000] [id=9992]

VM state:not at safepoint (normal execution)

VM Mutex/Monitor currently owned by a thread:  ([mutex/lock_event])
[0x0000000002e90850] CompiledIC_lock - owner thread: 0x000000000d1fb800

Heap:
 PSYoungGen      total 108544K, used 35999K [0x00000000f5580000, 0x00000000ff800000, 0x0000000100000000)
  eden space 58880K, 36% used [0x00000000f5580000,0x00000000f6ac1b50,0x00000000f8f00000)
  from space 49664K, 28% used [0x00000000fc780000,0x00000000fd566240,0x00000000ff800000)
  to   space 53760K, 0% used [0x00000000f8f00000,0x00000000f8f00000,0x00000000fc380000)
 ParOldGen       total 299008K, used 127617K [0x00000000e0000000, 0x00000000f2400000, 0x00000000f5580000)
  object space 299008K, 42% used [0x00000000e0000000,0x00000000e7ca05b8,0x00000000f2400000)
 Metaspace       used 341623K, capacity 372953K, committed 373396K, reserved 1372160K
  class space    used 47930K, capacity 50183K, committed 50324K, reserved 1048576K

Card table byte_map: [0x000000000b190000,0x000000000b2a0000] byte_map_base: 0x000000000aa90000

Marking Bits: (ParMarkBitMap*) 0x00000000751fa6d0
 Begin Bits: [0x000000000b750000, 0x000000000bf50000)
 End Bits:   [0x000000000bf50000, 0x000000000c750000)

Polling page: 0x0000000002ce0000

CodeCache: size=131072Kb used=72637Kb max_used=83757Kb free=58434Kb
 bounds [0x0000000002f90000, 0x00000000081d0000, 0x000000000af90000]
 total_blobs=29183 nmethods=28472 adapters=616
 compilation: enabled

Compilation events (10 events):
Event: 1907.533 Thread 0x000000000d1fb800 43193       1       scala.collection.mutable.HashTable$::loadFactorDenum (4 bytes)
Event: 1907.533 Thread 0x000000000d1fb800 nmethod 43193 0x00000000063ade50 code [0x00000000063adfa0, 0x00000000063ae0b0]
Event: 1907.612 Thread 0x000000000d1fb800 43194       3       scala.collection.convert.Wrappers$JMapWrapper::<init> (29 bytes)
Event: 1907.612 Thread 0x000000000d1fb800 nmethod 43194 0x00000000063ad8d0 code [0x00000000063ada40, 0x00000000063add08]
Event: 1907.616 Thread 0x000000000d1fb800 43195       3       org.apache.logging.log4j.core.pattern.LiteralPatternConverter::<init> (52 bytes)
Event: 1907.617 Thread 0x000000000d1fb800 nmethod 43195 0x00000000063af5d0 code [0x00000000063af7a0, 0x00000000063affb8]
Event: 1907.628 Thread 0x000000000d1fb800 43197       3       java.lang.ClassLoader$3::run (18 bytes)
Event: 1907.628 Thread 0x000000000d1fb800 nmethod 43197 0x00000000037c84d0 code [0x00000000037c8640, 0x00000000037c8848]
Event: 1907.650 Thread 0x000000000d1f3000 nmethod 43180 0x00000000063a2d50 code [0x00000000063a3240, 0x00000000063a5a70]
Event: 1907.654 Thread 0x000000000d1f3000 43191       4       java.lang.reflect.Parameter::isNamePresent (23 bytes)

GC Heap History (10 events):
Event: 1811.426 GC heap before
{Heap before GC invocations=72 (full 17):
 PSYoungGen      total 116736K, used 197K [0x00000000f5580000, 0x0000000100000000, 0x0000000100000000)
  eden space 58880K, 0% used [0x00000000f5580000,0x00000000f55b15c8,0x00000000f8f00000)
  from space 57856K, 0% used [0x00000000fc780000,0x00000000fc780000,0x0000000100000000)
  to   space 57856K, 0% used [0x00000000f8f00000,0x00000000f8f00000,0x00000000fc780000)
 ParOldGen       total 299008K, used 130492K [0x00000000e0000000, 0x00000000f2400000, 0x00000000f5580000)
  object space 299008K, 43% used [0x00000000e0000000,0x00000000e7f6f010,0x00000000f2400000)
 Metaspace       used 319205K, capacity 348473K, committed 352404K, reserved 1353728K
  class space    used 44613K, capacity 46716K, committed 47508K, reserved 1048576K
Event: 1811.431 GC heap after
Heap after GC invocations=72 (full 17):
 PSYoungGen      total 116736K, used 32K [0x00000000f5580000, 0x0000000100000000, 0x0000000100000000)
  eden space 58880K, 0% used [0x00000000f5580000,0x00000000f5580000,0x00000000f8f00000)
  from space 57856K, 0% used [0x00000000f8f00000,0x00000000f8f08000,0x00000000fc780000)
  to   space 57856K, 0% used [0x00000000fc780000,0x00000000fc780000,0x0000000100000000)
 ParOldGen       total 299008K, used 130492K [0x00000000e0000000, 0x00000000f2400000, 0x00000000f5580000)
  object space 299008K, 43% used [0x00000000e0000000,0x00000000e7f6f010,0x00000000f2400000)
 Metaspace       used 319205K, capacity 348473K, committed 352404K, reserved 1353728K
  class space    used 44613K, capacity 46716K, committed 47508K, reserved 1048576K
}
Event: 1811.431 GC heap before
{Heap before GC invocations=73 (full 18):
 PSYoungGen      total 116736K, used 32K [0x00000000f5580000, 0x0000000100000000, 0x0000000100000000)
  eden space 58880K, 0% used [0x00000000f5580000,0x00000000f5580000,0x00000000f8f00000)
  from space 57856K, 0% used [0x00000000f8f00000,0x00000000f8f08000,0x00000000fc780000)
  to   space 57856K, 0% used [0x00000000fc780000,0x00000000fc780000,0x0000000100000000)
 ParOldGen       total 299008K, used 130492K [0x00000000e0000000, 0x00000000f2400000, 0x00000000f5580000)
  object space 299008K, 43% used [0x00000000e0000000,0x00000000e7f6f010,0x00000000f2400000)
 Metaspace       used 319205K, capacity 348473K, committed 352404K, reserved 1353728K
  class space    used 44613K, capacity 46716K, committed 47508K, reserved 1048576K
Event: 1811.694 GC heap after
Heap after GC invocations=73 (full 18):
 PSYoungGen      total 116736K, used 0K [0x00000000f5580000, 0x0000000100000000, 0x0000000100000000)
  eden space 58880K, 0% used [0x00000000f5580000,0x00000000f5580000,0x00000000f8f00000)
  from space 57856K, 0% used [0x00000000f8f00000,0x00000000f8f00000,0x00000000fc780000)
  to   space 57856K, 0% used [0x00000000fc780000,0x00000000fc780000,0x0000000100000000)
 ParOldGen       total 299008K, used 124239K [0x00000000e0000000, 0x00000000f2400000, 0x00000000f5580000)
  object space 299008K, 41% used [0x00000000e0000000,0x00000000e7953f30,0x00000000f2400000)
 Metaspace       used 319205K, capacity 348473K, committed 352404K, reserved 1353728K
  class space    used 44613K, capacity 46716K, committed 47508K, reserved 1048576K
}
Event: 1904.792 GC heap before
{Heap before GC invocations=74 (full 18):
 PSYoungGen      total 116736K, used 58880K [0x00000000f5580000, 0x0000000100000000, 0x0000000100000000)
  eden space 58880K, 100% used [0x00000000f5580000,0x00000000f8f00000,0x00000000f8f00000)
  from space 57856K, 0% used [0x00000000f8f00000,0x00000000f8f00000,0x00000000fc780000)
  to   space 57856K, 0% used [0x00000000fc780000,0x00000000fc780000,0x0000000100000000)
 ParOldGen       total 299008K, used 124239K [0x00000000e0000000, 0x00000000f2400000, 0x00000000f5580000)
  object space 299008K, 41% used [0x00000000e0000000,0x00000000e7953f30,0x00000000f2400000)
 Metaspace       used 319377K, capacity 348637K, committed 352404K, reserved 1353728K
  class space    used 44630K, capacity 46722K, committed 47508K, reserved 1048576K
Event: 1904.805 GC heap after
Heap after GC invocations=74 (full 18):
 PSYoungGen      total 116736K, used 8909K [0x00000000f5580000, 0x0000000100000000, 0x0000000100000000)
  eden space 58880K, 0% used [0x00000000f5580000,0x00000000f5580000,0x00000000f8f00000)
  from space 57856K, 15% used [0x00000000fc780000,0x00000000fd033498,0x0000000100000000)
  to   space 57856K, 0% used [0x00000000f8f00000,0x00000000f8f00000,0x00000000fc780000)
 ParOldGen       total 299008K, used 124239K [0x00000000e0000000, 0x00000000f2400000, 0x00000000f5580000)
  object space 299008K, 41% used [0x00000000e0000000,0x00000000e7953f30,0x00000000f2400000)
 Metaspace       used 319377K, capacity 348637K, committed 352404K, reserved 1353728K
  class space    used 44630K, capacity 46722K, committed 47508K, reserved 1048576K
}
Event: 1905.966 GC heap before
{Heap before GC invocations=75 (full 18):
 PSYoungGen      total 116736K, used 67789K [0x00000000f5580000, 0x0000000100000000, 0x0000000100000000)
  eden space 58880K, 100% used [0x00000000f5580000,0x00000000f8f00000,0x00000000f8f00000)
  from space 57856K, 15% used [0x00000000fc780000,0x00000000fd033498,0x0000000100000000)
  to   space 57856K, 0% used [0x00000000f8f00000,0x00000000f8f00000,0x00000000fc780000)
 ParOldGen       total 299008K, used 124239K [0x00000000e0000000, 0x00000000f2400000, 0x00000000f5580000)
  object space 299008K, 41% used [0x00000000e0000000,0x00000000e7953f30,0x00000000f2400000)
 Metaspace       used 323707K, capacity 354069K, committed 356116K, reserved 1357824K
  class space    used 45279K, capacity 47462K, committed 47892K, reserved 1048576K
Event: 1905.975 GC heap after
Heap after GC invocations=75 (full 18):
 PSYoungGen      total 116736K, used 6110K [0x00000000f5580000, 0x0000000100000000, 0x0000000100000000)
  eden space 58880K, 0% used [0x00000000f5580000,0x00000000f5580000,0x00000000f8f00000)
  from space 57856K, 10% used [0x00000000f8f00000,0x00000000f94f7b00,0x00000000fc780000)
  to   space 57856K, 0% used [0x00000000fc780000,0x00000000fc780000,0x0000000100000000)
 ParOldGen       total 299008K, used 126188K [0x00000000e0000000, 0x00000000f2400000, 0x00000000f5580000)
  object space 299008K, 42% used [0x00000000e0000000,0x00000000e7b3b178,0x00000000f2400000)
 Metaspace       used 323707K, capacity 354069K, committed 356116K, reserved 1357824K
  class space    used 45279K, capacity 47462K, committed 47892K, reserved 1048576K
}
Event: 1907.229 GC heap before
{Heap before GC invocations=76 (full 18):
 PSYoungGen      total 116736K, used 64990K [0x00000000f5580000, 0x0000000100000000, 0x0000000100000000)
  eden space 58880K, 100% used [0x00000000f5580000,0x00000000f8f00000,0x00000000f8f00000)
  from space 57856K, 10% used [0x00000000f8f00000,0x00000000f94f7b00,0x00000000fc780000)
  to   space 57856K, 0% used [0x00000000fc780000,0x00000000fc780000,0x0000000100000000)
 ParOldGen       total 299008K, used 126188K [0x00000000e0000000, 0x00000000f2400000, 0x00000000f5580000)
  object space 299008K, 42% used [0x00000000e0000000,0x00000000e7b3b178,0x00000000f2400000)
 Metaspace       used 339147K, capacity 370237K, committed 370836K, reserved 1370112K
  class space    used 47620K, capacity 49859K, committed 50068K, reserved 1048576K
Event: 1907.243 GC heap after
Heap after GC invocations=76 (full 18):
 PSYoungGen      total 108544K, used 14232K [0x00000000f5580000, 0x00000000ff800000, 0x0000000100000000)
  eden space 58880K, 0% used [0x00000000f5580000,0x00000000f5580000,0x00000000f8f00000)
  from space 49664K, 28% used [0x00000000fc780000,0x00000000fd566240,0x00000000ff800000)
  to   space 53760K, 0% used [0x00000000f8f00000,0x00000000f8f00000,0x00000000fc380000)
 ParOldGen       total 299008K, used 127617K [0x00000000e0000000, 0x00000000f2400000, 0x00000000f5580000)
  object space 299008K, 42% used [0x00000000e0000000,0x00000000e7ca05b8,0x00000000f2400000)
 Metaspace       used 339147K, capacity 370237K, committed 370836K, reserved 1370112K
  class space    used 47620K, capacity 49859K, committed 50068K, reserved 1048576K
}

Deoptimization events (10 events):
Event: 1905.589 Thread 0x0000000012e35000 Uncommon trap: reason=bimorphic action=maybe_recompile pc=0x000000000785a2a0 method=scala.collection.mutable.HashMap.update(Ljava/lang/Object;Ljava/lang/Object;)V @ 3
Event: 1905.589 Thread 0x0000000012e35000 Uncommon trap: reason=bimorphic action=maybe_recompile pc=0x000000000785a2a0 method=scala.collection.mutable.HashMap.update(Ljava/lang/Object;Ljava/lang/Object;)V @ 3
Event: 1905.593 Thread 0x0000000012e35000 Uncommon trap: reason=class_check action=maybe_recompile pc=0x0000000006cefa6c method=scala.reflect.internal.Symbols$ClassSymbol.name()Lscala/reflect/internal/Names$TypeName; @ 55
Event: 1905.613 Thread 0x0000000012e35000 Uncommon trap: reason=unstable_if action=reinterpret pc=0x000000000412b464 method=java.lang.ref.SoftReference.get()Ljava/lang/Object; @ 6
Event: 1905.614 Thread 0x0000000012e35000 Uncommon trap: reason=unstable_if action=reinterpret pc=0x00000000057a028c method=scala.collection.immutable.HashSet$HashSet1.updated0(Ljava/lang/Object;II)Lscala/collection/immutable/HashSet; @ 5
Event: 1905.729 Thread 0x0000000012e35000 Uncommon trap: reason=unstable_if action=reinterpret pc=0x0000000007daf878 method=sbt.internal.inc.binary.converters.ProtobufWriters.toUseScope(Lxsbti/UseScope;)Lsbt/internal/inc/schema/UseScope; @ 29
Event: 1907.079 Thread 0x0000000012e35000 Uncommon trap: reason=bimorphic action=maybe_recompile pc=0x00000000046f3efc method=scala.reflect.runtime.SynchronizedSymbols$SynchronizedSymbol$$anon$7.scala$reflect$runtime$SynchronizedSymbols$SynchronizedSymbol$$$outer()Lscala/reflect/runtime/Synchroniz≈¶uQÃù@
Event: 1907.079 Thread 0x0000000012e35000 Uncommon trap: reason=bimorphic action=maybe_recompile pc=0x00000000046f3efc method=scala.reflect.runtime.SynchronizedSymbols$SynchronizedSymbol$$anon$7.scala$reflect$runtime$SynchronizedSymbols$SynchronizedSymbol$$$outer()Lscala/reflect/runtime/Synchroniz0ﬂ)QÃù@
Event: 1907.079 Thread 0x0000000012e35000 Uncommon trap: reason=bimorphic action=maybe_recompile pc=0x00000000046f3efc method=scala.reflect.runtime.SynchronizedSymbols$SynchronizedSymbol$$anon$7.scala$reflect$runtime$SynchronizedSymbols$SynchronizedSymbol$$$outer()Lscala/reflect/runtime/SynchronizY!ÊQÃù@
Event: 1907.079 Thread 0x0000000012e35000 Uncommon trap: reason=bimorphic action=maybe_recompile pc=0x00000000046f3efc method=scala.reflect.runtime.SynchronizedSymbols$SynchronizedSymbol$$anon$7.scala$reflect$runtime$SynchronizedSymbols$SynchronizedSymbol$$$outer()Lscala/reflect/runtime/Synchronizkã[∆ù@

Internal exceptions (10 events):
Event: 1907.459 Thread 0x0000000012e35000 Exception <a 'java/lang/ClassNotFoundException': scala/reflect/ScalaSignature> (0x00000000f60544f0) thrown at [C:\re\workspace\8-2-build-windows-amd64-cygwin\jdk8u101\7261\hotspot\src\share\vm\classfile\systemDictionary.cpp, line 210]
Event: 1907.459 Thread 0x0000000012e35000 Exception <a 'java/lang/ClassNotFoundException': scala/reflect/ScalaLongSignature> (0x00000000f6054b68) thrown at [C:\re\workspace\8-2-build-windows-amd64-cygwin\jdk8u101\7261\hotspot\src\share\vm\classfile\systemDictionary.cpp, line 210]
Event: 1907.490 Thread 0x0000000012e35000 Exception <a 'java/lang/ClassNotFoundException': java/util/regex> (0x00000000f61f8128) thrown at [C:\re\workspace\8-2-build-windows-amd64-cygwin\jdk8u101\7261\hotspot\src\share\vm\classfile\systemDictionary.cpp, line 210]
Event: 1907.491 Thread 0x0000000012e35000 Exception <a 'java/lang/ClassNotFoundException': java/util/regex/package> (0x00000000f61f9128) thrown at [C:\re\workspace\8-2-build-windows-amd64-cygwin\jdk8u101\7261\hotspot\src\share\vm\classfile\systemDictionary.cpp, line 210]
Event: 1907.491 Thread 0x0000000012e35000 Exception <a 'java/lang/ClassNotFoundException': scala/reflect/ScalaSignature> (0x00000000f61fa3e0) thrown at [C:\re\workspace\8-2-build-windows-amd64-cygwin\jdk8u101\7261\hotspot\src\share\vm\classfile\systemDictionary.cpp, line 210]
Event: 1907.491 Thread 0x0000000012e35000 Exception <a 'java/lang/ClassNotFoundException': scala/reflect/ScalaLongSignature> (0x00000000f61faa58) thrown at [C:\re\workspace\8-2-build-windows-amd64-cygwin\jdk8u101\7261\hotspot\src\share\vm\classfile\systemDictionary.cpp, line 210]
Event: 1907.495 Thread 0x0000000012e35000 Exception <a 'java/lang/ClassNotFoundException': scala/reflect/ScalaSignature> (0x00000000f6229858) thrown at [C:\re\workspace\8-2-build-windows-amd64-cygwin\jdk8u101\7261\hotspot\src\share\vm\classfile\systemDictionary.cpp, line 210]
Event: 1907.495 Thread 0x0000000012e35000 Exception <a 'java/lang/ClassNotFoundException': scala/reflect/ScalaLongSignature> (0x00000000f6229ed0) thrown at [C:\re\workspace\8-2-build-windows-amd64-cygwin\jdk8u101\7261\hotspot\src\share\vm\classfile\systemDictionary.cpp, line 210]
Event: 1907.512 Thread 0x0000000012e35000 Exception <a 'java/lang/NoSuchMethodError': java.lang.Object.$anonfun$partition$1(Lscala/Function1;Lscala/collection/mutable/Builder;Lscala/collection/mutable/Builder;Ljava/lang/Object;)Lscala/collection/mutable/Builder;> (0x00000000f62bd3c8) thrown at [C:6tâáŒù@
Event: 1907.514 Thread 0x0000000012e35000 Exception <a 'java/lang/NoSuchMethodError': java.lang.Object.$anonfun$count$1$adapted(Lscala/Function1;Lscala/runtime/IntRef;Ljava/lang/Object;)Ljava/lang/Object;> (0x00000000f62d3400) thrown at [C:\re\workspace\8-2-build-windows-amd64-cygwin\jdk8u101\7261hÔË.÷Õù@

Events (10 events):
Event: 1907.654 Thread 0x000000000d1f3000 flushing nmethod 0x0000000004bea450
Event: 1907.654 loading class org/apache/logging/log4j/core/lookup/JmxRuntimeInputArgumentsLookup
Event: 1907.654 loading class org/apache/logging/log4j/core/lookup/JmxRuntimeInputArgumentsLookup done
Event: 1907.654 Thread 0x000000000d1f3000 flushing nmethod 0x0000000004c00ad0
Event: 1907.654 Thread 0x000000000d1f3000 flushing nmethod 0x0000000004c01b90
Event: 1907.654 loading class javax/servlet/ServletContext
Event: 1907.654 loading class javax/servlet/ServletContext done
Event: 1907.654 Thread 0x000000000d1f3000 flushing nmethod 0x0000000004c72190
Event: 1907.655 loading class javax/servlet/ServletContext
Event: 1907.655 loading class javax/servlet/ServletContext done


Dynamic libraries:
0x00007ff75df10000 - 0x00007ff75df47000 	C:\ProgramData\Oracle\Java\javapath\java.exe
0x00007ff8cdc30000 - 0x00007ff8cde11000 	C:\WINDOWS\SYSTEM32\ntdll.dll
0x00007ff8cc2f0000 - 0x00007ff8cc3a2000 	C:\WINDOWS\System32\KERNEL32.DLL
0x00007ff8cae40000 - 0x00007ff8cb0b3000 	C:\WINDOWS\System32\KERNELBASE.dll
0x00007ff8cc020000 - 0x00007ff8cc0c1000 	C:\WINDOWS\System32\ADVAPI32.dll
0x00007ff8cbe80000 - 0x00007ff8cbf1e000 	C:\WINDOWS\System32\msvcrt.dll
0x00007ff8cc3c0000 - 0x00007ff8cc41b000 	C:\WINDOWS\System32\sechost.dll
0x00007ff8cc420000 - 0x00007ff8cc544000 	C:\WINDOWS\System32\RPCRT4.dll
0x00007ff8cb0c0000 - 0x00007ff8cb250000 	C:\WINDOWS\System32\USER32.dll
0x00007ff8ca280000 - 0x00007ff8ca2a0000 	C:\WINDOWS\System32\win32u.dll
0x00007ff8cc2c0000 - 0x00007ff8cc2e8000 	C:\WINDOWS\System32\GDI32.dll
0x00007ff8cac50000 - 0x00007ff8cade2000 	C:\WINDOWS\System32\gdi32full.dll
0x00007ff8ca1e0000 - 0x00007ff8ca27f000 	C:\WINDOWS\System32\msvcp_win.dll
0x00007ff8ca000000 - 0x00007ff8ca0fa000 	C:\WINDOWS\System32\ucrtbase.dll
0x00007ff8bad10000 - 0x00007ff8baf79000 	C:\WINDOWS\WinSxS\amd64_microsoft.windows.common-controls_6595b64144ccf1df_6.0.17134.285_none_fb4297e330656775\COMCTL32.dll
0x00007ff8cbb50000 - 0x00007ff8cbe73000 	C:\WINDOWS\System32\combase.dll
0x00007ff8ca100000 - 0x00007ff8ca17a000 	C:\WINDOWS\System32\bcryptPrimitives.dll
0x00007ff8cc660000 - 0x00007ff8cc68d000 	C:\WINDOWS\System32\IMM32.DLL
0x0000000074830000 - 0x0000000074902000 	C:\Program Files\Java\jre1.8.0_101\bin\msvcr100.dll
0x00000000749e0000 - 0x000000007527a000 	C:\Program Files\Java\jre1.8.0_101\bin\server\jvm.dll
0x00007ff8cc3b0000 - 0x00007ff8cc3b8000 	C:\WINDOWS\System32\PSAPI.DLL
0x00007ff8c6d60000 - 0x00007ff8c6d83000 	C:\WINDOWS\SYSTEM32\WINMM.dll
0x00007ff8c7660000 - 0x00007ff8c766a000 	C:\WINDOWS\SYSTEM32\VERSION.dll
0x00007ff8c4390000 - 0x00007ff8c4399000 	C:\WINDOWS\SYSTEM32\WSOCK32.dll
0x00007ff8cc250000 - 0x00007ff8cc2bc000 	C:\WINDOWS\System32\WS2_32.dll
0x00007ff8c6d10000 - 0x00007ff8c6d3a000 	C:\WINDOWS\SYSTEM32\WINMMBASE.dll
0x00007ff8cadf0000 - 0x00007ff8cae39000 	C:\WINDOWS\System32\cfgmgr32.dll
0x00000000749d0000 - 0x00000000749df000 	C:\Program Files\Java\jre1.8.0_101\bin\verify.dll
0x00000000749a0000 - 0x00000000749c9000 	C:\Program Files\Java\jre1.8.0_101\bin\java.dll
0x0000000074980000 - 0x0000000074996000 	C:\Program Files\Java\jre1.8.0_101\bin\zip.dll
0x00007ff8cc6f0000 - 0x00007ff8cdb30000 	C:\WINDOWS\System32\SHELL32.dll
0x00007ff8cc5b0000 - 0x00007ff8cc659000 	C:\WINDOWS\System32\shcore.dll
0x00007ff8ca2a0000 - 0x00007ff8ca9ad000 	C:\WINDOWS\System32\windows.storage.dll
0x00007ff8cc690000 - 0x00007ff8cc6e1000 	C:\WINDOWS\System32\shlwapi.dll
0x00007ff8c9fe0000 - 0x00007ff8c9ff1000 	C:\WINDOWS\System32\kernel.appcore.dll
0x00007ff8c9fc0000 - 0x00007ff8c9fdf000 	C:\WINDOWS\System32\profapi.dll
0x00007ff8c9f40000 - 0x00007ff8c9f8c000 	C:\WINDOWS\System32\powrprof.dll
0x00007ff8c9f90000 - 0x00007ff8c9f9a000 	C:\WINDOWS\System32\FLTLIB.DLL
0x0000000074960000 - 0x000000007497a000 	C:\Program Files\Java\jre1.8.0_101\bin\net.dll
0x00007ff8c9400000 - 0x00007ff8c9466000 	C:\WINDOWS\system32\mswsock.dll
0x0000000074940000 - 0x0000000074951000 	C:\Program Files\Java\jre1.8.0_101\bin\nio.dll
0x00007ff8c9c00000 - 0x00007ff8c9c17000 	C:\WINDOWS\SYSTEM32\CRYPTSP.dll
0x00007ff8c8fe0000 - 0x00007ff8c9013000 	C:\WINDOWS\system32\rsaenh.dll
0x00007ff8c9990000 - 0x00007ff8c99b5000 	C:\WINDOWS\SYSTEM32\bcrypt.dll
0x00007ff8c9e70000 - 0x00007ff8c9e98000 	C:\WINDOWS\SYSTEM32\USERENV.dll
0x00007ff8c95b0000 - 0x00007ff8c95bb000 	C:\WINDOWS\SYSTEM32\CRYPTBASE.dll
0x00007ff8c9180000 - 0x00007ff8c91b8000 	C:\WINDOWS\SYSTEM32\IPHLPAPI.DLL
0x00007ff8cb820000 - 0x00007ff8cb828000 	C:\WINDOWS\System32\NSI.dll
0x00007ff8bfb50000 - 0x00007ff8bfb66000 	C:\WINDOWS\SYSTEM32\dhcpcsvc6.DLL
0x00007ff8bf980000 - 0x00007ff8bf99a000 	C:\WINDOWS\SYSTEM32\dhcpcsvc.DLL
0x00007ff8c8800000 - 0x00007ff8c880a000 	C:\Users\Triinu\AppData\Local\Temp\jansi-64-1-3810583696805494042.11
0x0000000074820000 - 0x000000007482d000 	C:\Program Files\Java\jre1.8.0_101\bin\management.dll
0x00007ff8b1bd0000 - 0x00007ff8b1be6000 	C:\WINDOWS\system32\napinsp.dll
0x00007ff8b1b90000 - 0x00007ff8b1baa000 	C:\WINDOWS\system32\pnrpnsp.dll
0x00007ff8c5620000 - 0x00007ff8c5639000 	C:\WINDOWS\system32\NLAapi.dll
0x00007ff8c91c0000 - 0x00007ff8c927e000 	C:\WINDOWS\SYSTEM32\DNSAPI.dll
0x00007ff8c3830000 - 0x00007ff8c383e000 	C:\WINDOWS\System32\winrnr.dll
0x00007ff8c1500000 - 0x00007ff8c1515000 	C:\WINDOWS\System32\wshbth.dll
0x00007ff8bb8b0000 - 0x00007ff8bb8ba000 	C:\Windows\System32\rasadhlp.dll
0x00007ff8bc200000 - 0x00007ff8bc272000 	C:\WINDOWS\System32\fwpuclnt.dll
0x00007ff8aa480000 - 0x00007ff8aa4c2000 	C:\Users\Triinu\AppData\Local\Temp\jna--1781604731\jna626106908069735725.dll
0x00007ff8ba4a0000 - 0x00007ff8ba4aa000 	C:\Users\Triinu\AppData\Local\Temp\jansi-64-2378865797655538768.dll
0x00007ff8c5280000 - 0x00007ff8c528a000 	C:\Users\Triinu\AppData\Local\Temp\jansi-64-4241719472815928049.dll
0x00007ff8c3d00000 - 0x00007ff8c3d0a000 	C:\Users\Triinu\AppData\Local\Temp\jansi-64-7048179392879177004.dll
0x00007ff8b7c10000 - 0x00007ff8b7c1a000 	C:\Users\Triinu\AppData\Local\Temp\jansi-64-3118179544518896629.dll
0x00007ff8b70e0000 - 0x00007ff8b70ea000 	C:\Users\Triinu\AppData\Local\Temp\jansi-64-4581821731048289522.dll
0x00007ff8b7210000 - 0x00007ff8b721a000 	C:\Users\Triinu\AppData\Local\Temp\jansi-64-1935799945854389102.dll
0x00007ff8b7200000 - 0x00007ff8b720a000 	C:\Users\Triinu\AppData\Local\Temp\jansi-64-5745932576930946915.dll
0x00007ff8b71f0000 - 0x00007ff8b71fa000 	C:\Users\Triinu\AppData\Local\Temp\jansi-64-3162889501885722309.dll
0x00007ff8b7140000 - 0x00007ff8b714a000 	C:\Users\Triinu\AppData\Local\Temp\jansi-64-8967078636118581814.dll
0x00007ff8c9a30000 - 0x00007ff8c9bf9000 	C:\WINDOWS\SYSTEM32\dbghelp.dll

VM Arguments:
jvm_args: -Xmx512M -XX:MaxPermSize=256m -XX:ReservedCodeCacheSize=128m -Dsbt.log.format=true 
java_command: xsbt.boot.Boot
java_class_path (initial): C:\Users\Triinu\Projects\technician-movement\sbt-dist\bin\sbt-launch.jar
Launcher Type: SUN_STANDARD

Environment Variables:
PATH=C:\ProgramData\Oracle\Java\javapath;C:\Program Files (x86)\Intel\iCLS Client\;C:\Program Files\Intel\iCLS Client\;C:\WINDOWS\system32;C:\WINDOWS;C:\WINDOWS\System32\Wbem;C:\WINDOWS\System32\WindowsPowerShell\v1.0\;C:\Program Files\Intel\Intel(R) Management Engine Components\DAL;C:\Program Files\Intel\Intel(R) Management Engine Components\IPT;C:\Program Files (x86)\Intel\Intel(R) Management Engine Components\DAL;C:\Program Files (x86)\Intel\Intel(R) Management Engine Components\IPT;C:\Program Files (x86)\Intel\OpenCL SDK\3.0\bin\x86;C:\Program Files (x86)\Intel\OpenCL SDK\3.0\bin\x64;C:\Program Files\Lenovo\Fingerprint Manager Pro\;C:\Program Files (x86)\Common Files\Lenovo;C:\SWTOOLS\ReadyApps;C:\ProgramData\chocolatey\bin;C:\WINDOWS\system32;C:\WINDOWS;C:\WINDOWS\System32\Wbem;C:\WINDOWS\System32\WindowsPowerShell\v1.0\;C:\Program Files\PuTTY\;C:\Program Files\nodejs\;C:\Program Files\Intel\WiFi\bin\;C:\Program Files\Common Files\Intel\WirelessCommon\;C:\WINDOWS\System32\OpenSSH\;C:\Program Files (x86)\sbt\bin;C:\Users\Triinu\AppData\Local\atom\bin;C:\Users\Triinu\AppData\Local\Programs\Python\Python35-32;C:\Users\Triinu\AppData\Local\Programs\Python\Python35-32\Scripts;C:\Users\Triinu\AppData\Local\Microsoft\WindowsApps;C:\Users\Triinu\AppData\Roaming\npm;C:\Program Files\Intel\WiFi\bin\;C:\Program Files\Common Files\Intel\WirelessCommon\;
USERNAME=Triinu
OS=Windows_NT
PROCESSOR_IDENTIFIER=Intel64 Family 6 Model 60 Stepping 3, GenuineIntel



---------------  S Y S T E M  ---------------

OS: Windows 10.0 , 64 bit Build 17134 (10.0.17134.1)

CPU:total 4 (2 cores per cpu, 2 threads per core) family 6 model 60 stepping 3, cmov, cx8, fxsr, mmx, sse, sse2, sse3, ssse3, sse4.1, sse4.2, popcnt, avx, avx2, aes, clmul, erms, lzcnt, ht, tsc, tscinvbit, bmi1, bmi2

Memory: 4k page, physical 12260416k(6935212k free), swap 24843328k(19028620k free)

vm_info: Java HotSpot(TM) 64-Bit Server VM (25.101-b13) for windows-amd64 JRE (1.8.0_101-b13), built on Jun 22 2016 01:21:29 by "java_re" with MS VC++ 10.0 (VS2010)

time: Fri Sep 21 07:46:42 2018
elapsed time: 1907 seconds (0d 0h 31m 47s)

